{"/root/projeto-streaming/backend/src/index.ts": {"path":"/root/projeto-streaming/backend/src/index.ts","statementMap":{"0":{"start":{"line":1,"column":0},"end":{"line":1,"column":30}},"1":{"start":{"line":2,"column":0},"end":{"line":2,"column":42}},"2":{"start":{"line":3,"column":0},"end":{"line":3,"column":28}},"3":{"start":{"line":4,"column":0},"end":{"line":4,"column":24}},"4":{"start":{"line":5,"column":0},"end":{"line":5,"column":45}},"5":{"start":{"line":6,"column":0},"end":{"line":6,"column":53}},"6":{"start":{"line":7,"column":0},"end":{"line":7,"column":47}},"7":{"start":{"line":9,"column":0},"end":{"line":9,"column":16}},"8":{"start":{"line":10,"column":12},"end":{"line":10,"column":21}},"9":{"start":{"line":11,"column":0},"end":{"line":11,"column":24}},"10":{"start":{"line":12,"column":0},"end":{"line":12,"column":16}},"11":{"start":{"line":14,"column":0},"end":{"line":14,"column":34}},"12":{"start":{"line":15,"column":0},"end":{"line":15,"column":42}},"13":{"start":{"line":16,"column":0},"end":{"line":16,"column":36}},"14":{"start":{"line":18,"column":0},"end":{"line":22,"column":3}},"15":{"start":{"line":19,"column":4},"end":{"line":19,"column":48}},"16":{"start":{"line":21,"column":4},"end":{"line":21,"column":62}},"17":{"start":{"line":24,"column":0},"end":{"line":26,"column":3}},"18":{"start":{"line":25,"column":4},"end":{"line":25,"column":45}},"19":{"start":{"line":28,"column":13},"end":{"line":28,"column":37}},"20":{"start":{"line":29,"column":0},"end":{"line":31,"column":3}},"21":{"start":{"line":30,"column":4},"end":{"line":30,"column":53}},"22":{"start":{"line":33,"column":0},"end":{"line":33,"column":19}}},"fnMap":{"0":{"name":"(anonymous_1)","decl":{"start":{"line":18,"column":22},"end":{"line":18,"column":25}},"loc":{"start":{"line":18,"column":27},"end":{"line":20,"column":1}}},"1":{"name":"(anonymous_2)","decl":{"start":{"line":20,"column":9},"end":{"line":20,"column":10}},"loc":{"start":{"line":20,"column":17},"end":{"line":22,"column":1}}},"2":{"name":"(anonymous_3)","decl":{"start":{"line":24,"column":13},"end":{"line":24,"column":14}},"loc":{"start":{"line":24,"column":26},"end":{"line":26,"column":1}}},"3":{"name":"(anonymous_4)","decl":{"start":{"line":29,"column":17},"end":{"line":29,"column":20}},"loc":{"start":{"line":29,"column":22},"end":{"line":31,"column":1}}}},"branchMap":{"0":{"loc":{"start":{"line":28,"column":13},"end":{"line":28,"column":37}},"type":"binary-expr","locations":[{"start":{"line":28,"column":13},"end":{"line":28,"column":29}},{"start":{"line":28,"column":33},"end":{"line":28,"column":37}}]}},"s":{"0":3,"1":3,"2":3,"3":3,"4":3,"5":3,"6":3,"7":3,"8":3,"9":3,"10":3,"11":3,"12":3,"13":3,"14":3,"15":0,"16":0,"17":3,"18":0,"19":3,"20":3,"21":3,"22":3},"f":{"0":0,"1":0,"2":0,"3":3},"b":{"0":[3,0]}}
,"/root/projeto-streaming/backend/src/config/database.ts": {"path":"/root/projeto-streaming/backend/src/config/database.ts","statementMap":{"0":{"start":{"line":1,"column":0},"end":{"line":1,"column":38}},"1":{"start":{"line":2,"column":0},"end":{"line":2,"column":28}},"2":{"start":{"line":4,"column":0},"end":{"line":4,"column":16}},"3":{"start":{"line":6,"column":18},"end":{"line":14,"column":null}},"4":{"start":{"line":17,"column":0},"end":{"line":23,"column":5}},"5":{"start":{"line":19,"column":4},"end":{"line":19,"column":77}},"6":{"start":{"line":22,"column":4},"end":{"line":22,"column":72}},"7":{"start":{"line":25,"column":0},"end":{"line":25,"column":25}}},"fnMap":{"0":{"name":"(anonymous_1)","decl":{"start":{"line":18,"column":8},"end":{"line":18,"column":11}},"loc":{"start":{"line":18,"column":13},"end":{"line":20,"column":3}}},"1":{"name":"(anonymous_2)","decl":{"start":{"line":21,"column":9},"end":{"line":21,"column":10}},"loc":{"start":{"line":21,"column":22},"end":{"line":23,"column":3}}}},"branchMap":{"0":{"loc":{"start":{"line":11,"column":10},"end":{"line":11,"column":44}},"type":"binary-expr","locations":[{"start":{"line":11,"column":10},"end":{"line":11,"column":29}},{"start":{"line":11,"column":33},"end":{"line":11,"column":44}}]}},"s":{"0":3,"1":3,"2":3,"3":3,"4":3,"5":3,"6":0,"7":3},"f":{"0":3,"1":0},"b":{"0":[3,0]}}
,"/root/projeto-streaming/backend/src/controllers/MusicController.ts": {"path":"/root/projeto-streaming/backend/src/controllers/MusicController.ts","statementMap":{"0":{"start":{"line":2,"column":0},"end":{"line":2,"column":36}},"1":{"start":{"line":3,"column":0},"end":{"line":3,"column":54}},"2":{"start":{"line":5,"column":0},"end":{"line":5,"column":13}},"3":{"start":{"line":6,"column":9},"end":{"line":6,"column":23}},"4":{"start":{"line":6,"column":94},"end":{"line":10,"column":null}},"5":{"start":{"line":7,"column":42},"end":{"line":7,"column":50}},"6":{"start":{"line":8,"column":21},"end":{"line":8,"column":70}},"7":{"start":{"line":9,"column":4},"end":{"line":9,"column":42}},"8":{"start":{"line":12,"column":9},"end":{"line":12,"column":24}},"9":{"start":{"line":12,"column":95},"end":{"line":15,"column":null}},"10":{"start":{"line":13,"column":19},"end":{"line":13,"column":40}},"11":{"start":{"line":14,"column":4},"end":{"line":14,"column":28}},"12":{"start":{"line":17,"column":9},"end":{"line":17,"column":24}},"13":{"start":{"line":17,"column":95},"end":{"line":22,"column":null}},"14":{"start":{"line":18,"column":19},"end":{"line":18,"column":29}},"15":{"start":{"line":19,"column":18},"end":{"line":19,"column":42}},"16":{"start":{"line":20,"column":4},"end":{"line":20,"column":82}},"17":{"start":{"line":20,"column":16},"end":{"line":20,"column":82}},"18":{"start":{"line":21,"column":4},"end":{"line":21,"column":27}},"19":{"start":{"line":24,"column":9},"end":{"line":24,"column":23}},"20":{"start":{"line":24,"column":94},"end":{"line":36,"column":null}},"21":{"start":{"line":25,"column":19},"end":{"line":25,"column":29}},"22":{"start":{"line":26,"column":42},"end":{"line":26,"column":50}},"23":{"start":{"line":27,"column":18},"end":{"line":27,"column":42}},"24":{"start":{"line":28,"column":4},"end":{"line":28,"column":82}},"25":{"start":{"line":28,"column":16},"end":{"line":28,"column":82}},"26":{"start":{"line":30,"column":4},"end":{"line":30,"column":24}},"27":{"start":{"line":31,"column":4},"end":{"line":31,"column":26}},"28":{"start":{"line":32,"column":4},"end":{"line":32,"column":34}},"29":{"start":{"line":34,"column":4},"end":{"line":34,"column":23}},"30":{"start":{"line":35,"column":4},"end":{"line":35,"column":27}},"31":{"start":{"line":38,"column":9},"end":{"line":38,"column":23}},"32":{"start":{"line":38,"column":94},"end":{"line":45,"column":null}},"33":{"start":{"line":39,"column":19},"end":{"line":39,"column":29}},"34":{"start":{"line":40,"column":18},"end":{"line":40,"column":42}},"35":{"start":{"line":41,"column":4},"end":{"line":41,"column":82}},"36":{"start":{"line":41,"column":16},"end":{"line":41,"column":82}},"37":{"start":{"line":43,"column":4},"end":{"line":43,"column":26}},"38":{"start":{"line":44,"column":4},"end":{"line":44,"column":34}}},"fnMap":{"0":{"name":"(anonymous_8)","decl":{"start":{"line":6,"column":36},"end":{"line":6,"column":43}},"loc":{"start":{"line":6,"column":94},"end":{"line":10,"column":null}}},"1":{"name":"(anonymous_9)","decl":{"start":{"line":6,"column":94},"end":{"line":6,"column":null}},"loc":{"start":{"line":6,"column":94},"end":{"line":10,"column":3}}},"2":{"name":"(anonymous_10)","decl":{"start":{"line":12,"column":37},"end":{"line":12,"column":44}},"loc":{"start":{"line":12,"column":95},"end":{"line":15,"column":null}}},"3":{"name":"(anonymous_11)","decl":{"start":{"line":12,"column":95},"end":{"line":12,"column":null}},"loc":{"start":{"line":12,"column":95},"end":{"line":15,"column":3}}},"4":{"name":"(anonymous_12)","decl":{"start":{"line":17,"column":37},"end":{"line":17,"column":44}},"loc":{"start":{"line":17,"column":95},"end":{"line":22,"column":null}}},"5":{"name":"(anonymous_13)","decl":{"start":{"line":17,"column":95},"end":{"line":17,"column":null}},"loc":{"start":{"line":17,"column":95},"end":{"line":22,"column":3}}},"6":{"name":"(anonymous_14)","decl":{"start":{"line":24,"column":36},"end":{"line":24,"column":43}},"loc":{"start":{"line":24,"column":94},"end":{"line":36,"column":null}}},"7":{"name":"(anonymous_15)","decl":{"start":{"line":24,"column":94},"end":{"line":24,"column":null}},"loc":{"start":{"line":24,"column":94},"end":{"line":36,"column":3}}},"8":{"name":"(anonymous_16)","decl":{"start":{"line":38,"column":36},"end":{"line":38,"column":43}},"loc":{"start":{"line":38,"column":94},"end":{"line":45,"column":null}}},"9":{"name":"(anonymous_17)","decl":{"start":{"line":38,"column":94},"end":{"line":38,"column":null}},"loc":{"start":{"line":38,"column":94},"end":{"line":45,"column":3}}}},"branchMap":{"0":{"loc":{"start":{"line":20,"column":4},"end":{"line":20,"column":82}},"type":"if","locations":[{"start":{"line":20,"column":4},"end":{"line":20,"column":82}}]},"1":{"loc":{"start":{"line":28,"column":4},"end":{"line":28,"column":82}},"type":"if","locations":[{"start":{"line":28,"column":4},"end":{"line":28,"column":82}}]},"2":{"loc":{"start":{"line":41,"column":4},"end":{"line":41,"column":82}},"type":"if","locations":[{"start":{"line":41,"column":4},"end":{"line":41,"column":82}}]}},"s":{"0":3,"1":3,"2":3,"3":3,"4":1,"5":1,"6":1,"7":1,"8":3,"9":1,"10":1,"11":1,"12":3,"13":0,"14":0,"15":0,"16":0,"17":0,"18":0,"19":3,"20":0,"21":0,"22":0,"23":0,"24":0,"25":0,"26":0,"27":0,"28":0,"29":0,"30":0,"31":3,"32":0,"33":0,"34":0,"35":0,"36":0,"37":0,"38":0},"f":{"0":1,"1":1,"2":1,"3":1,"4":0,"5":0,"6":0,"7":0,"8":0,"9":0},"b":{"0":[0],"1":[0],"2":[0]}}
,"/root/projeto-streaming/backend/src/controllers/PlaylistController.ts": {"path":"/root/projeto-streaming/backend/src/controllers/PlaylistController.ts","statementMap":{"0":{"start":{"line":2,"column":0},"end":{"line":2,"column":42}},"1":{"start":{"line":3,"column":0},"end":{"line":3,"column":54}},"2":{"start":{"line":5,"column":0},"end":{"line":5,"column":13}},"3":{"start":{"line":6,"column":9},"end":{"line":6,"column":26}},"4":{"start":{"line":6,"column":97},"end":{"line":10,"column":null}},"5":{"start":{"line":7,"column":29},"end":{"line":7,"column":37}},"6":{"start":{"line":8,"column":24},"end":{"line":8,"column":63}},"7":{"start":{"line":9,"column":4},"end":{"line":9,"column":45}},"8":{"start":{"line":12,"column":9},"end":{"line":12,"column":27}},"9":{"start":{"line":12,"column":98},"end":{"line":15,"column":null}},"10":{"start":{"line":13,"column":22},"end":{"line":13,"column":46}},"11":{"start":{"line":14,"column":4},"end":{"line":14,"column":31}},"12":{"start":{"line":17,"column":9},"end":{"line":17,"column":27}},"13":{"start":{"line":17,"column":98},"end":{"line":22,"column":null}},"14":{"start":{"line":18,"column":19},"end":{"line":18,"column":29}},"15":{"start":{"line":19,"column":21},"end":{"line":19,"column":48}},"16":{"start":{"line":20,"column":4},"end":{"line":20,"column":87}},"17":{"start":{"line":20,"column":19},"end":{"line":20,"column":87}},"18":{"start":{"line":21,"column":4},"end":{"line":21,"column":30}},"19":{"start":{"line":24,"column":9},"end":{"line":24,"column":26}},"20":{"start":{"line":24,"column":97},"end":{"line":35,"column":null}},"21":{"start":{"line":25,"column":19},"end":{"line":25,"column":29}},"22":{"start":{"line":26,"column":29},"end":{"line":26,"column":37}},"23":{"start":{"line":27,"column":21},"end":{"line":27,"column":48}},"24":{"start":{"line":28,"column":4},"end":{"line":28,"column":87}},"25":{"start":{"line":28,"column":19},"end":{"line":28,"column":87}},"26":{"start":{"line":30,"column":4},"end":{"line":30,"column":25}},"27":{"start":{"line":31,"column":4},"end":{"line":31,"column":29}},"28":{"start":{"line":33,"column":4},"end":{"line":33,"column":26}},"29":{"start":{"line":34,"column":4},"end":{"line":34,"column":30}},"30":{"start":{"line":37,"column":9},"end":{"line":37,"column":26}},"31":{"start":{"line":37,"column":97},"end":{"line":44,"column":null}},"32":{"start":{"line":38,"column":19},"end":{"line":38,"column":29}},"33":{"start":{"line":39,"column":21},"end":{"line":39,"column":48}},"34":{"start":{"line":40,"column":4},"end":{"line":40,"column":87}},"35":{"start":{"line":40,"column":19},"end":{"line":40,"column":87}},"36":{"start":{"line":42,"column":4},"end":{"line":42,"column":29}},"37":{"start":{"line":43,"column":4},"end":{"line":43,"column":34}}},"fnMap":{"0":{"name":"(anonymous_8)","decl":{"start":{"line":6,"column":39},"end":{"line":6,"column":46}},"loc":{"start":{"line":6,"column":97},"end":{"line":10,"column":null}}},"1":{"name":"(anonymous_9)","decl":{"start":{"line":6,"column":97},"end":{"line":6,"column":null}},"loc":{"start":{"line":6,"column":97},"end":{"line":10,"column":3}}},"2":{"name":"(anonymous_10)","decl":{"start":{"line":12,"column":40},"end":{"line":12,"column":47}},"loc":{"start":{"line":12,"column":98},"end":{"line":15,"column":null}}},"3":{"name":"(anonymous_11)","decl":{"start":{"line":12,"column":98},"end":{"line":12,"column":null}},"loc":{"start":{"line":12,"column":98},"end":{"line":15,"column":3}}},"4":{"name":"(anonymous_12)","decl":{"start":{"line":17,"column":40},"end":{"line":17,"column":47}},"loc":{"start":{"line":17,"column":98},"end":{"line":22,"column":null}}},"5":{"name":"(anonymous_13)","decl":{"start":{"line":17,"column":98},"end":{"line":17,"column":null}},"loc":{"start":{"line":17,"column":98},"end":{"line":22,"column":3}}},"6":{"name":"(anonymous_14)","decl":{"start":{"line":24,"column":39},"end":{"line":24,"column":46}},"loc":{"start":{"line":24,"column":97},"end":{"line":35,"column":null}}},"7":{"name":"(anonymous_15)","decl":{"start":{"line":24,"column":97},"end":{"line":24,"column":null}},"loc":{"start":{"line":24,"column":97},"end":{"line":35,"column":3}}},"8":{"name":"(anonymous_16)","decl":{"start":{"line":37,"column":39},"end":{"line":37,"column":46}},"loc":{"start":{"line":37,"column":97},"end":{"line":44,"column":null}}},"9":{"name":"(anonymous_17)","decl":{"start":{"line":37,"column":97},"end":{"line":37,"column":null}},"loc":{"start":{"line":37,"column":97},"end":{"line":44,"column":3}}}},"branchMap":{"0":{"loc":{"start":{"line":20,"column":4},"end":{"line":20,"column":87}},"type":"if","locations":[{"start":{"line":20,"column":4},"end":{"line":20,"column":87}}]},"1":{"loc":{"start":{"line":28,"column":4},"end":{"line":28,"column":87}},"type":"if","locations":[{"start":{"line":28,"column":4},"end":{"line":28,"column":87}}]},"2":{"loc":{"start":{"line":40,"column":4},"end":{"line":40,"column":87}},"type":"if","locations":[{"start":{"line":40,"column":4},"end":{"line":40,"column":87}}]}},"s":{"0":3,"1":3,"2":3,"3":3,"4":1,"5":1,"6":1,"7":1,"8":3,"9":1,"10":1,"11":1,"12":3,"13":0,"14":0,"15":0,"16":0,"17":0,"18":0,"19":3,"20":0,"21":0,"22":0,"23":0,"24":0,"25":0,"26":0,"27":0,"28":0,"29":0,"30":3,"31":0,"32":0,"33":0,"34":0,"35":0,"36":0,"37":0},"f":{"0":1,"1":1,"2":1,"3":1,"4":0,"5":0,"6":0,"7":0,"8":0,"9":0},"b":{"0":[0],"1":[0],"2":[0]}}
,"/root/projeto-streaming/backend/src/controllers/UserController.ts": {"path":"/root/projeto-streaming/backend/src/controllers/UserController.ts","statementMap":{"0":{"start":{"line":2,"column":0},"end":{"line":2,"column":34}},"1":{"start":{"line":3,"column":0},"end":{"line":3,"column":54}},"2":{"start":{"line":5,"column":0},"end":{"line":5,"column":13}},"3":{"start":{"line":6,"column":9},"end":{"line":6,"column":22}},"4":{"start":{"line":6,"column":93},"end":{"line":10,"column":null}},"5":{"start":{"line":7,"column":38},"end":{"line":7,"column":46}},"6":{"start":{"line":8,"column":20},"end":{"line":8,"column":64}},"7":{"start":{"line":9,"column":4},"end":{"line":9,"column":41}},"8":{"start":{"line":12,"column":9},"end":{"line":12,"column":23}},"9":{"start":{"line":12,"column":94},"end":{"line":15,"column":null}},"10":{"start":{"line":13,"column":18},"end":{"line":13,"column":38}},"11":{"start":{"line":14,"column":4},"end":{"line":14,"column":27}},"12":{"start":{"line":17,"column":9},"end":{"line":17,"column":23}},"13":{"start":{"line":17,"column":94},"end":{"line":22,"column":null}},"14":{"start":{"line":18,"column":19},"end":{"line":18,"column":29}},"15":{"start":{"line":19,"column":17},"end":{"line":19,"column":40}},"16":{"start":{"line":20,"column":4},"end":{"line":20,"column":82}},"17":{"start":{"line":20,"column":15},"end":{"line":20,"column":82}},"18":{"start":{"line":21,"column":4},"end":{"line":21,"column":26}},"19":{"start":{"line":24,"column":9},"end":{"line":24,"column":22}},"20":{"start":{"line":24,"column":93},"end":{"line":36,"column":null}},"21":{"start":{"line":25,"column":19},"end":{"line":25,"column":29}},"22":{"start":{"line":26,"column":38},"end":{"line":26,"column":46}},"23":{"start":{"line":27,"column":17},"end":{"line":27,"column":40}},"24":{"start":{"line":28,"column":4},"end":{"line":28,"column":82}},"25":{"start":{"line":28,"column":15},"end":{"line":28,"column":82}},"26":{"start":{"line":30,"column":4},"end":{"line":30,"column":21}},"27":{"start":{"line":31,"column":4},"end":{"line":31,"column":23}},"28":{"start":{"line":32,"column":4},"end":{"line":32,"column":29}},"29":{"start":{"line":34,"column":4},"end":{"line":34,"column":22}},"30":{"start":{"line":35,"column":4},"end":{"line":35,"column":26}},"31":{"start":{"line":38,"column":9},"end":{"line":38,"column":22}},"32":{"start":{"line":38,"column":93},"end":{"line":45,"column":null}},"33":{"start":{"line":39,"column":19},"end":{"line":39,"column":29}},"34":{"start":{"line":40,"column":17},"end":{"line":40,"column":40}},"35":{"start":{"line":41,"column":4},"end":{"line":41,"column":82}},"36":{"start":{"line":41,"column":15},"end":{"line":41,"column":82}},"37":{"start":{"line":43,"column":4},"end":{"line":43,"column":25}},"38":{"start":{"line":44,"column":4},"end":{"line":44,"column":34}}},"fnMap":{"0":{"name":"(anonymous_8)","decl":{"start":{"line":6,"column":35},"end":{"line":6,"column":42}},"loc":{"start":{"line":6,"column":93},"end":{"line":10,"column":null}}},"1":{"name":"(anonymous_9)","decl":{"start":{"line":6,"column":93},"end":{"line":6,"column":null}},"loc":{"start":{"line":6,"column":93},"end":{"line":10,"column":3}}},"2":{"name":"(anonymous_10)","decl":{"start":{"line":12,"column":36},"end":{"line":12,"column":43}},"loc":{"start":{"line":12,"column":94},"end":{"line":15,"column":null}}},"3":{"name":"(anonymous_11)","decl":{"start":{"line":12,"column":94},"end":{"line":12,"column":null}},"loc":{"start":{"line":12,"column":94},"end":{"line":15,"column":3}}},"4":{"name":"(anonymous_12)","decl":{"start":{"line":17,"column":36},"end":{"line":17,"column":43}},"loc":{"start":{"line":17,"column":94},"end":{"line":22,"column":null}}},"5":{"name":"(anonymous_13)","decl":{"start":{"line":17,"column":94},"end":{"line":17,"column":null}},"loc":{"start":{"line":17,"column":94},"end":{"line":22,"column":3}}},"6":{"name":"(anonymous_14)","decl":{"start":{"line":24,"column":35},"end":{"line":24,"column":42}},"loc":{"start":{"line":24,"column":93},"end":{"line":36,"column":null}}},"7":{"name":"(anonymous_15)","decl":{"start":{"line":24,"column":93},"end":{"line":24,"column":null}},"loc":{"start":{"line":24,"column":93},"end":{"line":36,"column":3}}},"8":{"name":"(anonymous_16)","decl":{"start":{"line":38,"column":35},"end":{"line":38,"column":42}},"loc":{"start":{"line":38,"column":93},"end":{"line":45,"column":null}}},"9":{"name":"(anonymous_17)","decl":{"start":{"line":38,"column":93},"end":{"line":38,"column":null}},"loc":{"start":{"line":38,"column":93},"end":{"line":45,"column":3}}}},"branchMap":{"0":{"loc":{"start":{"line":20,"column":4},"end":{"line":20,"column":82}},"type":"if","locations":[{"start":{"line":20,"column":4},"end":{"line":20,"column":82}}]},"1":{"loc":{"start":{"line":28,"column":4},"end":{"line":28,"column":82}},"type":"if","locations":[{"start":{"line":28,"column":4},"end":{"line":28,"column":82}}]},"2":{"loc":{"start":{"line":41,"column":4},"end":{"line":41,"column":82}},"type":"if","locations":[{"start":{"line":41,"column":4},"end":{"line":41,"column":82}}]}},"s":{"0":3,"1":3,"2":3,"3":3,"4":1,"5":1,"6":1,"7":0,"8":3,"9":1,"10":1,"11":1,"12":3,"13":0,"14":0,"15":0,"16":0,"17":0,"18":0,"19":3,"20":0,"21":0,"22":0,"23":0,"24":0,"25":0,"26":0,"27":0,"28":0,"29":0,"30":0,"31":3,"32":0,"33":0,"34":0,"35":0,"36":0,"37":0,"38":0},"f":{"0":1,"1":1,"2":1,"3":1,"4":0,"5":0,"6":0,"7":0,"8":0,"9":0},"b":{"0":[0],"1":[0],"2":[0]}}
,"/root/projeto-streaming/backend/src/middleware/asyncHandler.ts": {"path":"/root/projeto-streaming/backend/src/middleware/asyncHandler.ts","statementMap":{"0":{"start":{"line":3,"column":21},"end":{"line":6,"column":1}},"1":{"start":{"line":4,"column":2},"end":{"line":6,"column":1}},"2":{"start":{"line":5,"column":4},"end":{"line":5,"column":52}},"3":{"start":{"line":8,"column":0},"end":{"line":8,"column":28}}},"fnMap":{"0":{"name":"(anonymous_0)","decl":{"start":{"line":3,"column":21},"end":{"line":3,"column":22}},"loc":{"start":{"line":4,"column":2},"end":{"line":6,"column":1}}},"1":{"name":"(anonymous_1)","decl":{"start":{"line":4,"column":2},"end":{"line":4,"column":3}},"loc":{"start":{"line":4,"column":54},"end":{"line":6,"column":1}}}},"branchMap":{},"s":{"0":3,"1":45,"2":6,"3":3},"f":{"0":45,"1":6},"b":{}}
,"/root/projeto-streaming/backend/src/models/Music.ts": {"path":"/root/projeto-streaming/backend/src/models/Music.ts","statementMap":{"0":{"start":{"line":1,"column":0},"end":{"line":1,"column":45}},"1":{"start":{"line":2,"column":0},"end":{"line":2,"column":43}},"2":{"start":{"line":3,"column":0},"end":{"line":3,"column":34}},"3":{"start":{"line":14,"column":0},"end":{"line":39,"column":2}},"4":{"start":{"line":41,"column":0},"end":{"line":41,"column":54}},"5":{"start":{"line":42,"column":0},"end":{"line":42,"column":56}},"6":{"start":{"line":44,"column":0},"end":{"line":44,"column":21}}},"fnMap":{},"branchMap":{},"s":{"0":3,"1":3,"2":3,"3":3,"4":3,"5":3,"6":3},"f":{},"b":{}}
,"/root/projeto-streaming/backend/src/models/Playlist.ts": {"path":"/root/projeto-streaming/backend/src/models/Playlist.ts","statementMap":{"0":{"start":{"line":1,"column":0},"end":{"line":1,"column":45}},"1":{"start":{"line":2,"column":0},"end":{"line":2,"column":43}},"2":{"start":{"line":3,"column":0},"end":{"line":3,"column":26}},"3":{"start":{"line":12,"column":0},"end":{"line":30,"column":2}},"4":{"start":{"line":32,"column":0},"end":{"line":32,"column":49}},"5":{"start":{"line":33,"column":0},"end":{"line":33,"column":51}},"6":{"start":{"line":35,"column":0},"end":{"line":35,"column":24}}},"fnMap":{},"branchMap":{},"s":{"0":3,"1":3,"2":3,"3":3,"4":3,"5":3,"6":3},"f":{},"b":{}}
,"/root/projeto-streaming/backend/src/models/User.ts": {"path":"/root/projeto-streaming/backend/src/models/User.ts","statementMap":{"0":{"start":{"line":1,"column":0},"end":{"line":1,"column":45}},"1":{"start":{"line":2,"column":0},"end":{"line":2,"column":43}},"2":{"start":{"line":11,"column":0},"end":{"line":31,"column":2}},"3":{"start":{"line":33,"column":0},"end":{"line":33,"column":20}}},"fnMap":{},"branchMap":{},"s":{"0":3,"1":3,"2":3,"3":3},"f":{},"b":{}}
,"/root/projeto-streaming/backend/src/routes/musicRoutes.ts": {"path":"/root/projeto-streaming/backend/src/routes/musicRoutes.ts","statementMap":{"0":{"start":{"line":1,"column":0},"end":{"line":1,"column":33}},"1":{"start":{"line":2,"column":0},"end":{"line":2,"column":65}},"2":{"start":{"line":4,"column":15},"end":{"line":4,"column":23}},"3":{"start":{"line":6,"column":0},"end":{"line":6,"column":46}},"4":{"start":{"line":7,"column":0},"end":{"line":7,"column":46}},"5":{"start":{"line":8,"column":0},"end":{"line":8,"column":49}},"6":{"start":{"line":9,"column":0},"end":{"line":9,"column":48}},"7":{"start":{"line":10,"column":0},"end":{"line":10,"column":51}},"8":{"start":{"line":12,"column":0},"end":{"line":12,"column":22}}},"fnMap":{},"branchMap":{},"s":{"0":3,"1":3,"2":3,"3":3,"4":3,"5":3,"6":3,"7":3,"8":3},"f":{},"b":{}}
,"/root/projeto-streaming/backend/src/routes/playlistRoutes.ts": {"path":"/root/projeto-streaming/backend/src/routes/playlistRoutes.ts","statementMap":{"0":{"start":{"line":1,"column":0},"end":{"line":1,"column":33}},"1":{"start":{"line":2,"column":0},"end":{"line":2,"column":71}},"2":{"start":{"line":4,"column":15},"end":{"line":4,"column":23}},"3":{"start":{"line":6,"column":0},"end":{"line":6,"column":52}},"4":{"start":{"line":7,"column":0},"end":{"line":7,"column":52}},"5":{"start":{"line":8,"column":0},"end":{"line":8,"column":55}},"6":{"start":{"line":9,"column":0},"end":{"line":9,"column":54}},"7":{"start":{"line":10,"column":0},"end":{"line":10,"column":57}},"8":{"start":{"line":12,"column":0},"end":{"line":12,"column":22}}},"fnMap":{},"branchMap":{},"s":{"0":3,"1":3,"2":3,"3":3,"4":3,"5":3,"6":3,"7":3,"8":3},"f":{},"b":{}}
,"/root/projeto-streaming/backend/src/routes/userRoutes.ts": {"path":"/root/projeto-streaming/backend/src/routes/userRoutes.ts","statementMap":{"0":{"start":{"line":1,"column":0},"end":{"line":1,"column":33}},"1":{"start":{"line":2,"column":0},"end":{"line":2,"column":63}},"2":{"start":{"line":4,"column":15},"end":{"line":4,"column":23}},"3":{"start":{"line":6,"column":0},"end":{"line":6,"column":44}},"4":{"start":{"line":7,"column":0},"end":{"line":7,"column":44}},"5":{"start":{"line":8,"column":0},"end":{"line":8,"column":47}},"6":{"start":{"line":9,"column":0},"end":{"line":9,"column":46}},"7":{"start":{"line":10,"column":0},"end":{"line":10,"column":49}},"8":{"start":{"line":12,"column":0},"end":{"line":12,"column":22}}},"fnMap":{},"branchMap":{},"s":{"0":3,"1":3,"2":3,"3":3,"4":3,"5":3,"6":3,"7":3,"8":3},"f":{},"b":{}}
}
