TN:
SF:src/index.ts
FN:18,(anonymous_1)
FN:20,(anonymous_2)
FN:24,(anonymous_3)
FN:29,(anonymous_4)
FNF:4
FNH:1
FNDA:0,(anonymous_1)
FNDA:0,(anonymous_2)
FNDA:0,(anonymous_3)
FNDA:3,(anonymous_4)
DA:1,3
DA:2,3
DA:3,3
DA:4,3
DA:5,3
DA:6,3
DA:7,3
DA:9,3
DA:10,3
DA:11,3
DA:12,3
DA:14,3
DA:15,3
DA:16,3
DA:18,3
DA:19,0
DA:21,0
DA:24,3
DA:25,0
DA:28,3
DA:29,3
DA:30,3
DA:33,3
LF:23
LH:20
BRDA:28,0,0,3
BRDA:28,0,1,0
BRF:2
BRH:1
end_of_record
TN:
SF:src/config/database.ts
FN:18,(anonymous_1)
FN:21,(anonymous_2)
FNF:2
FNH:1
FNDA:3,(anonymous_1)
FNDA:0,(anonymous_2)
DA:1,3
DA:2,3
DA:4,3
DA:6,3
DA:17,3
DA:19,3
DA:22,0
DA:25,3
LF:8
LH:7
BRDA:11,0,0,3
BRDA:11,0,1,0
BRF:2
BRH:1
end_of_record
TN:
SF:src/controllers/MusicController.ts
FN:6,(anonymous_8)
FN:6,(anonymous_9)
FN:12,(anonymous_10)
FN:12,(anonymous_11)
FN:17,(anonymous_12)
FN:17,(anonymous_13)
FN:24,(anonymous_14)
FN:24,(anonymous_15)
FN:38,(anonymous_16)
FN:38,(anonymous_17)
FNF:10
FNH:4
FNDA:1,(anonymous_8)
FNDA:1,(anonymous_9)
FNDA:1,(anonymous_10)
FNDA:1,(anonymous_11)
FNDA:0,(anonymous_12)
FNDA:0,(anonymous_13)
FNDA:0,(anonymous_14)
FNDA:0,(anonymous_15)
FNDA:0,(anonymous_16)
FNDA:0,(anonymous_17)
DA:2,3
DA:3,3
DA:5,3
DA:6,3
DA:7,1
DA:8,1
DA:9,1
DA:12,3
DA:13,1
DA:14,1
DA:17,3
DA:18,0
DA:19,0
DA:20,0
DA:21,0
DA:24,3
DA:25,0
DA:26,0
DA:27,0
DA:28,0
DA:30,0
DA:31,0
DA:32,0
DA:34,0
DA:35,0
DA:38,3
DA:39,0
DA:40,0
DA:41,0
DA:43,0
DA:44,0
LF:31
LH:13
BRDA:20,0,0,0
BRDA:28,1,0,0
BRDA:41,2,0,0
BRF:3
BRH:0
end_of_record
TN:
SF:src/controllers/PlaylistController.ts
FN:6,(anonymous_8)
FN:6,(anonymous_9)
FN:12,(anonymous_10)
FN:12,(anonymous_11)
FN:17,(anonymous_12)
FN:17,(anonymous_13)
FN:24,(anonymous_14)
FN:24,(anonymous_15)
FN:37,(anonymous_16)
FN:37,(anonymous_17)
FNF:10
FNH:4
FNDA:1,(anonymous_8)
FNDA:1,(anonymous_9)
FNDA:1,(anonymous_10)
FNDA:1,(anonymous_11)
FNDA:0,(anonymous_12)
FNDA:0,(anonymous_13)
FNDA:0,(anonymous_14)
FNDA:0,(anonymous_15)
FNDA:0,(anonymous_16)
FNDA:0,(anonymous_17)
DA:2,3
DA:3,3
DA:5,3
DA:6,3
DA:7,1
DA:8,1
DA:9,1
DA:12,3
DA:13,1
DA:14,1
DA:17,3
DA:18,0
DA:19,0
DA:20,0
DA:21,0
DA:24,3
DA:25,0
DA:26,0
DA:27,0
DA:28,0
DA:30,0
DA:31,0
DA:33,0
DA:34,0
DA:37,3
DA:38,0
DA:39,0
DA:40,0
DA:42,0
DA:43,0
LF:30
LH:13
BRDA:20,0,0,0
BRDA:28,1,0,0
BRDA:40,2,0,0
BRF:3
BRH:0
end_of_record
TN:
SF:src/controllers/UserController.ts
FN:6,(anonymous_8)
FN:6,(anonymous_9)
FN:12,(anonymous_10)
FN:12,(anonymous_11)
FN:17,(anonymous_12)
FN:17,(anonymous_13)
FN:24,(anonymous_14)
FN:24,(anonymous_15)
FN:38,(anonymous_16)
FN:38,(anonymous_17)
FNF:10
FNH:4
FNDA:1,(anonymous_8)
FNDA:1,(anonymous_9)
FNDA:1,(anonymous_10)
FNDA:1,(anonymous_11)
FNDA:0,(anonymous_12)
FNDA:0,(anonymous_13)
FNDA:0,(anonymous_14)
FNDA:0,(anonymous_15)
FNDA:0,(anonymous_16)
FNDA:0,(anonymous_17)
DA:2,3
DA:3,3
DA:5,3
DA:6,3
DA:7,1
DA:8,1
DA:9,0
DA:12,3
DA:13,1
DA:14,1
DA:17,3
DA:18,0
DA:19,0
DA:20,0
DA:21,0
DA:24,3
DA:25,0
DA:26,0
DA:27,0
DA:28,0
DA:30,0
DA:31,0
DA:32,0
DA:34,0
DA:35,0
DA:38,3
DA:39,0
DA:40,0
DA:41,0
DA:43,0
DA:44,0
LF:31
LH:12
BRDA:20,0,0,0
BRDA:28,1,0,0
BRDA:41,2,0,0
BRF:3
BRH:0
end_of_record
TN:
SF:src/middleware/asyncHandler.ts
FN:3,(anonymous_0)
FN:4,(anonymous_1)
FNF:2
FNH:2
FNDA:45,(anonymous_0)
FNDA:6,(anonymous_1)
DA:3,3
DA:4,45
DA:5,6
DA:8,3
LF:4
LH:4
BRF:0
BRH:0
end_of_record
TN:
SF:src/models/Music.ts
FNF:0
FNH:0
DA:1,3
DA:2,3
DA:3,3
DA:14,3
DA:41,3
DA:42,3
DA:44,3
LF:7
LH:7
BRF:0
BRH:0
end_of_record
TN:
SF:src/models/Playlist.ts
FNF:0
FNH:0
DA:1,3
DA:2,3
DA:3,3
DA:12,3
DA:32,3
DA:33,3
DA:35,3
LF:7
LH:7
BRF:0
BRH:0
end_of_record
TN:
SF:src/models/User.ts
FNF:0
FNH:0
DA:1,3
DA:2,3
DA:11,3
DA:33,3
LF:4
LH:4
BRF:0
BRH:0
end_of_record
TN:
SF:src/routes/musicRoutes.ts
FNF:0
FNH:0
DA:1,3
DA:2,3
DA:4,3
DA:6,3
DA:7,3
DA:8,3
DA:9,3
DA:10,3
DA:12,3
LF:9
LH:9
BRF:0
BRH:0
end_of_record
TN:
SF:src/routes/playlistRoutes.ts
FNF:0
FNH:0
DA:1,3
DA:2,3
DA:4,3
DA:6,3
DA:7,3
DA:8,3
DA:9,3
DA:10,3
DA:12,3
LF:9
LH:9
BRF:0
BRH:0
end_of_record
TN:
SF:src/routes/userRoutes.ts
FNF:0
FNH:0
DA:1,3
DA:2,3
DA:4,3
DA:6,3
DA:7,3
DA:8,3
DA:9,3
DA:10,3
DA:12,3
LF:9
LH:9
BRF:0
BRH:0
end_of_record
